\BOOKMARK [0][-]{chapter.1}{\376\377\000I\000n\000t\000r\000o\000d\000u\000c\000c\000i\000\363\000n\000\040\000y\000\040\000a\000c\000c\000e\000s\000o}{}% 1
\BOOKMARK [1][-]{section.1.1}{\376\377\000B\000i\000e\000n\000v\000e\000n\000i\000d\000o}{chapter.1}% 2
\BOOKMARK [1][-]{section.1.2}{\376\377\000C\000\363\000m\000o\000\040\000a\000c\000c\000e\000d\000e\000r}{chapter.1}% 3
\BOOKMARK [1][-]{section.1.3}{\376\377\000I\000n\000s\000t\000a\000l\000a\000r\000\040\000c\000o\000m\000o\000\040\000a\000p\000p\000\040\000e\000n\000\040\000e\000l\000\040\000i\000P\000h\000o\000n\000e}{chapter.1}% 4
\BOOKMARK [0][-]{chapter.2}{\376\377\000\277\000P\000o\000r\000\040\000q\000u\000\351\000\040\000e\000s\000t\000a\000\040\000a\000p\000p\000?\000\040\040\024\000\040\000B\000e\000n\000e\000f\000i\000c\000i\000o\000s\000\040\000y\000\040\000p\000o\000s\000i\000b\000i\000l\000i\000d\000a\000d\000e\000s}{}% 5
\BOOKMARK [1][-]{section.2.1}{\376\377\000E\000l\000\040\000p\000r\000o\000b\000l\000e\000m\000a\000\040\000q\000u\000e\000\040\000r\000e\000s\000u\000e\000l\000v\000e}{chapter.2}% 6
\BOOKMARK [1][-]{section.2.2}{\376\377\000\277\000P\000o\000r\000\040\000q\000u\000\351\000\040\000n\000o\000\040\000a\000l\000c\000a\000n\000z\000a\000\040\000c\000o\000n\000\040\000u\000n\000a\000\040\000b\000a\000s\000e\000\040\000d\000e\000\040\000d\000a\000t\000o\000s\000\040\000o\000\040\000u\000n\000\040\000E\000x\000c\000e\000l\000?}{chapter.2}% 7
\BOOKMARK [1][-]{section.2.3}{\376\377\000L\000o\000s\000\040\0007\000\040\000b\000e\000n\000e\000f\000i\000c\000i\000o\000s\000\040\000c\000o\000n\000c\000r\000e\000t\000o\000s}{chapter.2}% 8
\BOOKMARK [1][-]{section.2.4}{\376\377\000P\000o\000s\000i\000b\000i\000l\000i\000d\000a\000d\000e\000s\000\040\000a\000\040\000f\000u\000t\000u\000r\000o}{chapter.2}% 9
\BOOKMARK [1][-]{section.2.5}{\376\377\000L\000o\000\040\000q\000u\000e\000\040\000t\000e\000n\000\351\000s\000\040\000h\000o\000y}{chapter.2}% 10
\BOOKMARK [0][-]{chapter.3}{\376\377\000E\000l\000\040\000D\000a\000s\000h\000b\000o\000a\000r\000d\000\040\040\024\000\040\000P\000a\000n\000t\000a\000l\000l\000a\000\040\000p\000r\000i\000n\000c\000i\000p\000a\000l}{}% 11
\BOOKMARK [1][-]{section.3.1}{\376\377\000T\000a\000r\000j\000e\000t\000a\000s\000\040\000d\000e\000\040\000e\000s\000t\000a\000d\000\355\000s\000t\000i\000c\000a\000s}{chapter.3}% 12
\BOOKMARK [1][-]{section.3.2}{\376\377\000A\000l\000e\000r\000t\000a\000s\000\040\000y\000\040\000n\000o\000t\000i\000f\000i\000c\000a\000c\000i\000o\000n\000e\000s}{chapter.3}% 13
\BOOKMARK [1][-]{section.3.3}{\376\377\000L\000o\000t\000e\000s\000\040\000r\000e\000c\000i\000e\000n\000t\000e\000s}{chapter.3}% 14
\BOOKMARK [1][-]{section.3.4}{\376\377\000B\000o\000t\000o\000n\000e\000s\000\040\000r\000\341\000p\000i\000d\000o\000s}{chapter.3}% 15
\BOOKMARK [0][-]{chapter.4}{\376\377\000R\000e\000c\000e\000t\000a\000s\000\040\040\024\000\040\000C\000r\000e\000a\000r\000,\000\040\000c\000a\000l\000c\000u\000l\000a\000r\000\040\000y\000\040\000g\000u\000a\000r\000d\000a\000r}{}% 16
\BOOKMARK [1][-]{section.4.1}{\376\377\000D\000a\000t\000o\000s\000\040\000g\000e\000n\000e\000r\000a\000l\000e\000s\000\040\000d\000e\000\040\000l\000a\000\040\000r\000e\000c\000e\000t\000a}{chapter.4}% 17
\BOOKMARK [1][-]{section.4.2}{\376\377\000A\000g\000r\000e\000g\000a\000r\000\040\000i\000n\000g\000r\000e\000d\000i\000e\000n\000t\000e\000s}{chapter.4}% 18
\BOOKMARK [1][-]{section.4.3}{\376\377\000C\000\341\000l\000c\000u\000l\000o\000s\000\040\000e\000n\000\040\000v\000i\000v\000o}{chapter.4}% 19
\BOOKMARK [1][-]{section.4.4}{\376\377\000V\000e\000r\000\040\000y\000\040\000e\000d\000i\000t\000a\000r\000\040\000r\000e\000c\000e\000t\000a\000s}{chapter.4}% 20
\BOOKMARK [0][-]{chapter.5}{\376\377\000I\000n\000v\000e\000n\000t\000a\000r\000i\000o\000\040\040\024\000\040\000C\000o\000n\000t\000r\000o\000l\000\040\000d\000e\000\040\000i\000n\000g\000r\000e\000d\000i\000e\000n\000t\000e\000s}{}% 21
\BOOKMARK [1][-]{section.5.1}{\376\377\000P\000a\000n\000t\000a\000l\000l\000a\000\040\000d\000e\000\040\000l\000i\000s\000t\000a\000\040\000y\000\040\000f\000i\000l\000t\000r\000o\000s}{chapter.5}% 22
\BOOKMARK [1][-]{section.5.2}{\376\377\000A\000j\000u\000s\000t\000e\000\040\000r\000\341\000p\000i\000d\000o\000\040\000d\000e\000\040\000s\000t\000o\000c\000k}{chapter.5}% 23
\BOOKMARK [1][-]{section.5.3}{\376\377\000A\000g\000r\000e\000g\000a\000r\000\040\000u\000n\000\040\000i\000n\000g\000r\000e\000d\000i\000e\000n\000t\000e\000\040\000n\000u\000e\000v\000o}{chapter.5}% 24
\BOOKMARK [1][-]{section.5.4}{\376\377\000C\000a\000m\000p\000o\000s\000\040\000c\000e\000r\000v\000e\000c\000e\000r\000o\000s\000\040\000e\000s\000p\000e\000c\000i\000a\000l\000e\000s}{chapter.5}% 25
\BOOKMARK [0][-]{chapter.6}{\376\377\000L\000o\000t\000e\000s\000\040\040\024\000\040\000S\000e\000g\000u\000i\000m\000i\000e\000n\000t\000o\000\040\000d\000e\000\040\000p\000r\000o\000d\000u\000c\000c\000i\000\363\000n}{}% 26
\BOOKMARK [1][-]{section.6.1}{\376\377\000E\000s\000t\000a\000d\000o\000s\000\040\000d\000e\000l\000\040\000p\000r\000o\000c\000e\000s\000o}{chapter.6}% 27
\BOOKMARK [1][-]{section.6.2}{\376\377\000C\000r\000e\000a\000r\000\040\000u\000n\000\040\000l\000o\000t\000e}{chapter.6}% 28
\BOOKMARK [1][-]{section.6.3}{\376\377\000S\000e\000g\000u\000i\000m\000i\000e\000n\000t\000o\000\040\000d\000e\000\040\000f\000e\000r\000m\000e\000n\000t\000a\000c\000i\000\363\000n}{chapter.6}% 29
\BOOKMARK [0][-]{chapter.7}{\376\377\000V\000e\000n\000t\000a\000s\000,\000\040\000C\000l\000i\000e\000n\000t\000e\000s\000\040\000y\000\040\000B\000a\000r\000r\000i\000l\000e\000s}{}% 30
\BOOKMARK [1][-]{section.7.1}{\376\377\000V\000e\000n\000t\000a\000s\000\040\040\024\000\040\000P\000e\000d\000i\000d\000o\000s}{chapter.7}% 31
\BOOKMARK [1][-]{section.7.2}{\376\377\000C\000l\000i\000e\000n\000t\000e\000s}{chapter.7}% 32
\BOOKMARK [1][-]{section.7.3}{\376\377\000B\000a\000r\000r\000i\000l\000e\000s\000\040\040\024\000\040\000C\000o\000n\000t\000r\000o\000l\000\040\000d\000e\000\040\000k\000e\000g\000s}{chapter.7}% 33
\BOOKMARK [0][-]{chapter.8}{\376\377\000S\000i\000m\000u\000l\000a\000c\000i\000\363\000n\000\040\000i\000n\000t\000e\000r\000a\000c\000t\000i\000v\000a\000:\000\040\000G\000o\000l\000d\000e\000n\000\040\000A\000l\000e\000\040\000T\000e\000b\000a\000n\000a}{}% 34
\BOOKMARK [1][-]{section.8.1}{\376\377\000F\000a\000s\000e\000\040\0001\000\040\040\024\000\040\000C\000a\000r\000g\000a\000r\000\040\000i\000n\000g\000r\000e\000d\000i\000e\000n\000t\000e\000s\000\040\000e\000n\000\040\000I\000n\000v\000e\000n\000t\000a\000r\000i\000o}{chapter.8}% 35
\BOOKMARK [1][-]{section.8.2}{\376\377\000F\000a\000s\000e\000\040\0002\000\040\040\024\000\040\000C\000r\000e\000a\000r\000\040\000l\000a\000\040\000r\000e\000c\000e\000t\000a}{chapter.8}% 36
\BOOKMARK [1][-]{section.8.3}{\376\377\000F\000a\000s\000e\000\040\0003\000\040\040\024\000\040\000C\000r\000e\000a\000r\000\040\000e\000l\000\040\000l\000o\000t\000e\000\040\000d\000e\000\040\000p\000r\000o\000d\000u\000c\000c\000i\000\363\000n}{chapter.8}% 37
\BOOKMARK [1][-]{section.8.4}{\376\377\000F\000a\000s\000e\000\040\0004\000\040\040\024\000\040\000R\000e\000g\000i\000s\000t\000r\000a\000r\000\040\000l\000a\000\040\000f\000e\000r\000m\000e\000n\000t\000a\000c\000i\000\363\000n\000\040\000\050\000d\000\355\000a\000\040\000a\000\040\000d\000\355\000a\000\051}{chapter.8}% 38
\BOOKMARK [2][-]{subsection.8.4.1}{\376\377\000C\000a\000m\000b\000i\000a\000r\000\040\000e\000l\000\040\000e\000s\000t\000a\000d\000o\000\040\000d\000e\000l\000\040\000l\000o\000t\000e}{section.8.4}% 39
\BOOKMARK [1][-]{section.8.5}{\376\377\000F\000a\000s\000e\000\040\0005\000\040\040\024\000\040\000C\000r\000e\000a\000r\000\040\000u\000n\000\040\000c\000l\000i\000e\000n\000t\000e}{chapter.8}% 40
\BOOKMARK [1][-]{section.8.6}{\376\377\000F\000a\000s\000e\000\040\0006\000\040\040\024\000\040\000R\000e\000g\000i\000s\000t\000r\000a\000r\000\040\000l\000a\000\040\000v\000e\000n\000t\000a}{chapter.8}% 41
\BOOKMARK [2][-]{subsection.8.6.1}{\376\377\000C\000a\000m\000b\000i\000a\000r\000\040\000e\000s\000t\000a\000d\000o\000\040\000d\000e\000l\000\040\000p\000e\000d\000i\000d\000o}{section.8.6}% 42
\BOOKMARK [1][-]{section.8.7}{\376\377\000F\000a\000s\000e\000\040\0007\000\040\040\024\000\040\000C\000o\000n\000t\000r\000o\000l\000a\000r\000\040\000l\000o\000s\000\040\000b\000a\000r\000r\000i\000l\000e\000s}{chapter.8}% 43
\BOOKMARK [1][-]{section.8.8}{\376\377\000R\000e\000s\000u\000l\000t\000a\000d\000o\000\040\000f\000i\000n\000a\000l\000\040\000d\000e\000\040\000l\000a\000\040\000s\000i\000m\000u\000l\000a\000c\000i\000\363\000n}{chapter.8}% 44
\BOOKMARK [0][-]{chapter.9}{\376\377\000B\000a\000c\000k\000u\000p\000\040\000d\000e\000\040\000d\000a\000t\000o\000s}{}% 45
\BOOKMARK [1][-]{section.9.1}{\376\377\000H\000a\000c\000e\000r\000\040\000u\000n\000\040\000b\000a\000c\000k\000u\000p}{chapter.9}% 46
\BOOKMARK [1][-]{section.9.2}{\376\377\000R\000e\000s\000t\000a\000u\000r\000a\000r\000\040\000d\000e\000s\000d\000e\000\040\000b\000a\000c\000k\000u\000p}{chapter.9}% 47
\BOOKMARK [0][-]{chapter.10}{\376\377\000P\000r\000e\000g\000u\000n\000t\000a\000s\000\040\000f\000r\000e\000c\000u\000e\000n\000t\000e\000s}{}% 48
\BOOKMARK [0][-]{chapter.11}{\376\377\000G\000l\000o\000s\000a\000r\000i\000o\000\040\000c\000e\000r\000v\000e\000c\000e\000r\000o}{}% 49
